{
  "RSpec": {
    "coverage": {
      "/home/ta/wadror/ratebeer/app/controllers/application_controller.rb": [
        1,
        1,
        null,
        1,
        null,
        null,
        1,
        164,
        144,
        null,
        null,
        1,
        19,
        null,
        null
      ],
      "/home/ta/wadror/ratebeer/app/helpers/application_helper.rb": [
        1,
        null
      ],
      "/home/ta/wadror/ratebeer/app/helpers/beer_clubs_helper.rb": [
        1,
        null
      ],
      "/home/ta/wadror/ratebeer/app/helpers/beers_helper.rb": [
        1,
        null
      ],
      "/home/ta/wadror/ratebeer/app/helpers/breweries_helper.rb": [
        1,
        null
      ],
      "/home/ta/wadror/ratebeer/app/helpers/memberships_helper.rb": [
        1,
        null
      ],
      "/home/ta/wadror/ratebeer/app/helpers/users_helper.rb": [
        1,
        null
      ],
      "/home/ta/wadror/ratebeer/app/controllers/beer_clubs_controller.rb": [
        1,
        null,
        null,
        1,
        0,
        null,
        0,
        0,
        0,
        null,
        null,
        null,
        null,
        null,
        1,
        0,
        null,
        0,
        0,
        0,
        null,
        null,
        null,
        null,
        null,
        1,
        0,
        null,
        0,
        0,
        0,
        null,
        null,
        null,
        null,
        1,
        0,
        null,
        null,
        null,
        null,
        1,
        0,
        null,
        0,
        0,
        0,
        0,
        null,
        0,
        0,
        null,
        null,
        null,
        null,
        null,
        null,
        1,
        0,
        null,
        0,
        0,
        0,
        0,
        null,
        0,
        0,
        null,
        null,
        null,
        null,
        null,
        null,
        1,
        0,
        0,
        null,
        0,
        0,
        0,
        null,
        null,
        null
      ],
      "/home/ta/wadror/ratebeer/app/models/beer_club.rb": [
        1,
        1,
        1,
        1,
        null,
        1,
        0,
        null,
        null
      ],
      "/home/ta/wadror/ratebeer/app/controllers/beers_controller.rb": [
        1,
        null,
        null,
        1,
        2,
        null,
        2,
        2,
        2,
        null,
        null,
        null,
        null,
        null,
        1,
        0,
        null,
        0,
        0,
        0,
        null,
        null,
        null,
        null,
        null,
        1,
        1,
        1,
        1,
        null,
        1,
        1,
        1,
        null,
        null,
        null,
        null,
        1,
        0,
        0,
        0,
        null,
        null,
        null,
        null,
        null,
        1,
        1,
        1,
        1,
        1,
        1,
        2,
        1,
        null,
        0,
        0,
        null,
        null,
        null,
        null,
        null,
        null,
        1,
        0,
        0,
        0,
        0,
        0,
        0,
        0,
        null,
        0,
        0,
        null,
        null,
        null,
        null,
        null,
        null,
        1,
        0,
        0,
        null,
        0,
        0,
        0,
        null,
        null,
        null
      ],
      "/home/ta/wadror/ratebeer/app/models/beer.rb": [
        1,
        1,
        null,
        1,
        null,
        1,
        1,
        1,
        null,
        1,
        null,
        null,
        null,
        null,
        null,
        null,
        null,
        null,
        1,
        18,
        null,
        null,
        null
      ],
      "/home/ta/wadror/ratebeer/lib/calculate_average.rb": [
        1,
        1,
        null,
        33,
        null,
        null
      ],
      "/home/ta/wadror/ratebeer/app/controllers/breweries_controller.rb": [
        1,
        1,
        null,
        null,
        1,
        4,
        null,
        null,
        null,
        4,
        4,
        4,
        null,
        null,
        null,
        null,
        null,
        1,
        1,
        1,
        1,
        1,
        1,
        null,
        null,
        null,
        null,
        null,
        1,
        0,
        0,
        null,
        0,
        0,
        0,
        null,
        null,
        null,
        null,
        1,
        0,
        0,
        null,
        null,
        null,
        null,
        1,
        0,
        0,
        0,
        0,
        0,
        0,
        null,
        0,
        0,
        null,
        null,
        null,
        null,
        null,
        null,
        1,
        0,
        0,
        0,
        0,
        0,
        0,
        null,
        0,
        0,
        null,
        null,
        null,
        null,
        null,
        null,
        1,
        0,
        0,
        null,
        0,
        0,
        0,
        null,
        null,
        1,
        1,
        0,
        0,
        null,
        0,
        0,
        null,
        0,
        null,
        null,
        null,
        null,
        null
      ],
      "/home/ta/wadror/ratebeer/app/models/brewery.rb": [
        1,
        1,
        1,
        null,
        1,
        1,
        1,
        null,
        1,
        null,
        null,
        null,
        null,
        null,
        1,
        1,
        43,
        0,
        null,
        null,
        null,
        1,
        10,
        null,
        null,
        null
      ],
      "/home/ta/wadror/ratebeer/app/controllers/memberships_controller.rb": [
        1,
        null,
        null,
        1,
        0,
        null,
        0,
        0,
        0,
        null,
        null,
        null,
        null,
        null,
        1,
        0,
        null,
        0,
        0,
        0,
        null,
        null,
        null,
        null,
        null,
        1,
        0,
        0,
        0,
        null,
        0,
        0,
        0,
        null,
        null,
        null,
        null,
        1,
        0,
        0,
        0,
        null,
        null,
        null,
        null,
        1,
        0,
        0,
        0,
        null,
        0,
        0,
        0,
        0,
        null,
        null,
        0,
        0,
        null,
        null,
        null,
        null,
        null,
        null,
        1,
        0,
        null,
        0,
        0,
        0,
        0,
        null,
        0,
        0,
        null,
        null,
        null,
        null,
        null,
        null,
        1,
        0,
        0,
        null,
        0,
        0,
        0,
        null,
        null,
        null
      ],
      "/home/ta/wadror/ratebeer/app/models/membership.rb": [
        1,
        1,
        1,
        1,
        1,
        null
      ],
      "/home/ta/wadror/ratebeer/app/controllers/ratings_controller.rb": [
        1,
        1,
        1,
        1,
        null,
        1,
        1,
        1,
        null,
        null,
        null,
        null,
        1,
        9,
        9,
        null,
        null,
        1,
        null,
        9,
        9,
        9,
        9,
        null,
        0,
        0,
        null,
        null,
        null,
        null,
        null,
        null,
        1,
        1,
        1,
        1,
        null,
        null
      ],
      "/home/ta/wadror/ratebeer/app/models/rating.rb": [
        1,
        1,
        1,
        1,
        null,
        1,
        null,
        null,
        null,
        null,
        null,
        1,
        4,
        null,
        null
      ],
      "/home/ta/wadror/ratebeer/app/controllers/sessions_controller.rb": [
        1,
        1,
        null,
        null,
        1,
        null,
        9,
        9,
        1,
        null,
        8,
        8,
        null,
        null,
        1,
        1,
        1,
        null,
        null
      ],
      "/home/ta/wadror/ratebeer/app/controllers/users_controller.rb": [
        1,
        null,
        null,
        1,
        0,
        null,
        null,
        0,
        0,
        0,
        null,
        null,
        null,
        null,
        null,
        1,
        19,
        null,
        19,
        19,
        19,
        null,
        null,
        null,
        null,
        null,
        1,
        1,
        null,
        1,
        1,
        1,
        null,
        null,
        null,
        null,
        1,
        0,
        null,
        null,
        null,
        null,
        1,
        1,
        null,
        1,
        1,
        2,
        1,
        null,
        0,
        0,
        null,
        null,
        null,
        null,
        null,
        null,
        1,
        0,
        0,
        0,
        0,
        0,
        0,
        null,
        0,
        0,
        null,
        null,
        null,
        null,
        null,
        null,
        null,
        1,
        0,
        null,
        0,
        0,
        0,
        null,
        null,
        0,
        0,
        0,
        null,
        null,
        null
      ],
      "/home/ta/wadror/ratebeer/app/models/user.rb": [
        1,
        1,
        1,
        1,
        1,
        1,
        1,
        1,
        null,
        1,
        1,
        1,
        1,
        null,
        1,
        3,
        9,
        null,
        null,
        1,
        13,
        36,
        29,
        29,
        null,
        null,
        null,
        null,
        1,
        13,
        36,
        29,
        29,
        null,
        null,
        1,
        4,
        null,
        null,
        null
      ]
    },
    "timestamp": 1389435407
  }
}
